==21791== Memcheck, a memory error detector
==21791== Copyright (C) 2002-2015, and GNU GPL'd, by Julian Seward et al.
==21791== Using Valgrind-3.12.0 and LibVEX; rerun with -h for copyright info
==21791== Command: keyvalue test1.in test2.in
==21791== 
test1.in: 1: a=b
a = b
test1.in: 2: key=value
key = value
test1.in: 3: this=is a test
this = is a test
test1.in: 4: this
this: key not found.
test1.in: 5: key
key: key not found.
test1.in: 6: a
a: key not found.
test1.in: 7: # $Id: test1.in,v 1.1 2016-06-28 14:48:38-07 - - $
test2.in: 8: key=value
key = value
test2.in: 9: second=third
second = third
test2.in: 10: foo=bar
foo = bar
test2.in: 11: f1=51
f1 = 51
test2.in: 12: f2=52
f2 = 52
test2.in: 13: foobar=baz
foobar = baz
test2.in: 14: baz=quux
baz = quux
test2.in: 15: this=is=a=test
this = is=a=test
test2.in: 16: =
test2.in: 17: a=value
a = value
test2.in: 18: b=value
b = value
test2.in: 19: =value
test2.in: 20: # $Id: test2.in,v 1.1 2016-06-28 14:48:38-07 - - $
Before insert: {test1.in,1}
Before insert: {test2.in,2}
==21791== 
==21791== HEAP SUMMARY:
==21791==     in use at exit: 1,345 bytes in 45 blocks
==21791==   total heap usage: 110 allocs, 65 frees, 22,298 bytes allocated
==21791== 
==21791== LEAK SUMMARY:
==21791==    definitely lost: 480 bytes in 15 blocks
==21791==    indirectly lost: 865 bytes in 30 blocks
==21791==      possibly lost: 0 bytes in 0 blocks
==21791==    still reachable: 0 bytes in 0 blocks
==21791==         suppressed: 0 bytes in 0 blocks
==21791== Rerun with --leak-check=full to see details of leaked memory
==21791== 
==21791== For counts of detected and suppressed errors, rerun with: -v
==21791== ERROR SUMMARY: 0 errors from 0 contexts (suppressed: 0 from 0)
